The system is: Linux - 6.5.0-1019-oem - x86_64
Compiling the C compiler identification source file "CMakeCCompilerId.c" succeeded.
Compiler: /usr/bin/cc 
Build flags: 
Id flags:  

The output was:
0


Compilation of the C compiler identification source "CMakeCCompilerId.c" produced "a.out"

The C compiler identification is GNU, found in "/media/projects/personal/cjadv/build/CMakeFiles/3.25.1/CompilerIdC/a.out"

Detecting C compiler ABI info compiled with the following output:
Change Dir: /media/projects/personal/cjadv/build/CMakeFiles/CMakeScratch/TryCompile-LOQEPD

Run Build Command(s):/usr/bin/gmake -f Makefile cmTC_4795b/fast && /usr/bin/gmake  -f CMakeFiles/cmTC_4795b.dir/build.make CMakeFiles/cmTC_4795b.dir/build
gmake[1]: Entering directory '/media/projects/personal/cjadv/build/CMakeFiles/CMakeScratch/TryCompile-LOQEPD'
Building C object CMakeFiles/cmTC_4795b.dir/CMakeCCompilerABI.c.o
/usr/bin/cc   -v -o CMakeFiles/cmTC_4795b.dir/CMakeCCompilerABI.c.o -c /usr/share/cmake-3.25/Modules/CMakeCCompilerABI.c
Using built-in specs.
COLLECT_GCC=/usr/bin/cc
OFFLOAD_TARGET_NAMES=nvptx-none:amdgcn-amdhsa
OFFLOAD_TARGET_DEFAULT=1
Target: x86_64-linux-gnu
Configured with: ../src/configure -v --with-pkgversion='Ubuntu 11.4.0-1ubuntu1~22.04' --with-bugurl=file:///usr/share/doc/gcc-11/README.Bugs --enable-languages=c,ada,c++,go,brig,d,fortran,objc,obj-c++,m2 --prefix=/usr --with-gcc-major-version-only --program-suffix=-11 --program-prefix=x86_64-linux-gnu- --enable-shared --enable-linker-build-id --libexecdir=/usr/lib --without-included-gettext --enable-threads=posix --libdir=/usr/lib --enable-nls --enable-bootstrap --enable-clocale=gnu --enable-libstdcxx-debug --enable-libstdcxx-time=yes --with-default-libstdcxx-abi=new --enable-gnu-unique-object --disable-vtable-verify --enable-plugin --enable-default-pie --with-system-zlib --enable-libphobos-checking=release --with-target-system-zlib=auto --enable-objc-gc=auto --enable-multiarch --disable-werror --enable-cet --with-arch-32=i686 --with-abi=m64 --with-multilib-list=m32,m64,mx32 --enable-multilib --with-tune=generic --enable-offload-targets=nvptx-none=/build/gcc-11-XeT9lY/gcc-11-11.4.0/debian/tmp-nvptx/usr,amdgcn-amdhsa=/build/gcc-11-XeT9lY/gcc-11-11.4.0/debian/tmp-gcn/usr --without-cuda-driver --enable-checking=release --build=x86_64-linux-gnu --host=x86_64-linux-gnu --target=x86_64-linux-gnu --with-build-config=bootstrap-lto-lean --enable-link-serialization=2
Thread model: posix
Supported LTO compression algorithms: zlib zstd
gcc version 11.4.0 (Ubuntu 11.4.0-1ubuntu1~22.04) 
COLLECT_GCC_OPTIONS='-v' '-o' 'CMakeFiles/cmTC_4795b.dir/CMakeCCompilerABI.c.o' '-c' '-mtune=generic' '-march=x86-64' '-dumpdir' 'CMakeFiles/cmTC_4795b.dir/'
 /usr/lib/gcc/x86_64-linux-gnu/11/cc1 -quiet -v -imultiarch x86_64-linux-gnu /usr/share/cmake-3.25/Modules/CMakeCCompilerABI.c -quiet -dumpdir CMakeFiles/cmTC_4795b.dir/ -dumpbase CMakeCCompilerABI.c.c -dumpbase-ext .c -mtune=generic -march=x86-64 -version -fasynchronous-unwind-tables -fstack-protector-strong -Wformat -Wformat-security -fstack-clash-protection -fcf-protection -o /tmp/ccWX0ZyC.s
GNU C17 (Ubuntu 11.4.0-1ubuntu1~22.04) version 11.4.0 (x86_64-linux-gnu)
	compiled by GNU C version 11.4.0, GMP version 6.2.1, MPFR version 4.1.0, MPC version 1.2.1, isl version isl-0.24-GMP

GGC heuristics: --param ggc-min-expand=100 --param ggc-min-heapsize=131072
ignoring nonexistent directory "/usr/local/include/x86_64-linux-gnu"
ignoring nonexistent directory "/usr/lib/gcc/x86_64-linux-gnu/11/include-fixed"
ignoring nonexistent directory "/usr/lib/gcc/x86_64-linux-gnu/11/../../../../x86_64-linux-gnu/include"
#include "..." search starts here:
#include <...> search starts here:
 /usr/lib/gcc/x86_64-linux-gnu/11/include
 /usr/local/include
 /usr/include/x86_64-linux-gnu
 /usr/include
End of search list.
GNU C17 (Ubuntu 11.4.0-1ubuntu1~22.04) version 11.4.0 (x86_64-linux-gnu)
	compiled by GNU C version 11.4.0, GMP version 6.2.1, MPFR version 4.1.0, MPC version 1.2.1, isl version isl-0.24-GMP

GGC heuristics: --param ggc-min-expand=100 --param ggc-min-heapsize=131072
Compiler executable checksum: 50eaa2331df977b8016186198deb2d18
COLLECT_GCC_OPTIONS='-v' '-o' 'CMakeFiles/cmTC_4795b.dir/CMakeCCompilerABI.c.o' '-c' '-mtune=generic' '-march=x86-64' '-dumpdir' 'CMakeFiles/cmTC_4795b.dir/'
 as -v --64 -o CMakeFiles/cmTC_4795b.dir/CMakeCCompilerABI.c.o /tmp/ccWX0ZyC.s
GNU assembler version 2.38 (x86_64-linux-gnu) using BFD version (GNU Binutils for Ubuntu) 2.38
COMPILER_PATH=/usr/lib/gcc/x86_64-linux-gnu/11/:/usr/lib/gcc/x86_64-linux-gnu/11/:/usr/lib/gcc/x86_64-linux-gnu/:/usr/lib/gcc/x86_64-linux-gnu/11/:/usr/lib/gcc/x86_64-linux-gnu/
LIBRARY_PATH=/usr/lib/gcc/x86_64-linux-gnu/11/:/usr/lib/gcc/x86_64-linux-gnu/11/../../../x86_64-linux-gnu/:/usr/lib/gcc/x86_64-linux-gnu/11/../../../../lib/:/lib/x86_64-linux-gnu/:/lib/../lib/:/usr/lib/x86_64-linux-gnu/:/usr/lib/../lib/:/usr/lib/gcc/x86_64-linux-gnu/11/../../../:/lib/:/usr/lib/
COLLECT_GCC_OPTIONS='-v' '-o' 'CMakeFiles/cmTC_4795b.dir/CMakeCCompilerABI.c.o' '-c' '-mtune=generic' '-march=x86-64' '-dumpdir' 'CMakeFiles/cmTC_4795b.dir/CMakeCCompilerABI.c.'
Linking C executable cmTC_4795b
/usr/bin/cmake -E cmake_link_script CMakeFiles/cmTC_4795b.dir/link.txt --verbose=1
/usr/bin/cc  -v -rdynamic CMakeFiles/cmTC_4795b.dir/CMakeCCompilerABI.c.o -o cmTC_4795b 
Using built-in specs.
COLLECT_GCC=/usr/bin/cc
COLLECT_LTO_WRAPPER=/usr/lib/gcc/x86_64-linux-gnu/11/lto-wrapper
OFFLOAD_TARGET_NAMES=nvptx-none:amdgcn-amdhsa
OFFLOAD_TARGET_DEFAULT=1
Target: x86_64-linux-gnu
Configured with: ../src/configure -v --with-pkgversion='Ubuntu 11.4.0-1ubuntu1~22.04' --with-bugurl=file:///usr/share/doc/gcc-11/README.Bugs --enable-languages=c,ada,c++,go,brig,d,fortran,objc,obj-c++,m2 --prefix=/usr --with-gcc-major-version-only --program-suffix=-11 --program-prefix=x86_64-linux-gnu- --enable-shared --enable-linker-build-id --libexecdir=/usr/lib --without-included-gettext --enable-threads=posix --libdir=/usr/lib --enable-nls --enable-bootstrap --enable-clocale=gnu --enable-libstdcxx-debug --enable-libstdcxx-time=yes --with-default-libstdcxx-abi=new --enable-gnu-unique-object --disable-vtable-verify --enable-plugin --enable-default-pie --with-system-zlib --enable-libphobos-checking=release --with-target-system-zlib=auto --enable-objc-gc=auto --enable-multiarch --disable-werror --enable-cet --with-arch-32=i686 --with-abi=m64 --with-multilib-list=m32,m64,mx32 --enable-multilib --with-tune=generic --enable-offload-targets=nvptx-none=/build/gcc-11-XeT9lY/gcc-11-11.4.0/debian/tmp-nvptx/usr,amdgcn-amdhsa=/build/gcc-11-XeT9lY/gcc-11-11.4.0/debian/tmp-gcn/usr --without-cuda-driver --enable-checking=release --build=x86_64-linux-gnu --host=x86_64-linux-gnu --target=x86_64-linux-gnu --with-build-config=bootstrap-lto-lean --enable-link-serialization=2
Thread model: posix
Supported LTO compression algorithms: zlib zstd
gcc version 11.4.0 (Ubuntu 11.4.0-1ubuntu1~22.04) 
COMPILER_PATH=/usr/lib/gcc/x86_64-linux-gnu/11/:/usr/lib/gcc/x86_64-linux-gnu/11/:/usr/lib/gcc/x86_64-linux-gnu/:/usr/lib/gcc/x86_64-linux-gnu/11/:/usr/lib/gcc/x86_64-linux-gnu/
LIBRARY_PATH=/usr/lib/gcc/x86_64-linux-gnu/11/:/usr/lib/gcc/x86_64-linux-gnu/11/../../../x86_64-linux-gnu/:/usr/lib/gcc/x86_64-linux-gnu/11/../../../../lib/:/lib/x86_64-linux-gnu/:/lib/../lib/:/usr/lib/x86_64-linux-gnu/:/usr/lib/../lib/:/usr/lib/gcc/x86_64-linux-gnu/11/../../../:/lib/:/usr/lib/
COLLECT_GCC_OPTIONS='-v' '-rdynamic' '-o' 'cmTC_4795b' '-mtune=generic' '-march=x86-64' '-dumpdir' 'cmTC_4795b.'
 /usr/lib/gcc/x86_64-linux-gnu/11/collect2 -plugin /usr/lib/gcc/x86_64-linux-gnu/11/liblto_plugin.so -plugin-opt=/usr/lib/gcc/x86_64-linux-gnu/11/lto-wrapper -plugin-opt=-fresolution=/tmp/cc2gX6QB.res -plugin-opt=-pass-through=-lgcc -plugin-opt=-pass-through=-lgcc_s -plugin-opt=-pass-through=-lc -plugin-opt=-pass-through=-lgcc -plugin-opt=-pass-through=-lgcc_s --build-id --eh-frame-hdr -m elf_x86_64 --hash-style=gnu --as-needed -export-dynamic -dynamic-linker /lib64/ld-linux-x86-64.so.2 -pie -z now -z relro -o cmTC_4795b /usr/lib/gcc/x86_64-linux-gnu/11/../../../x86_64-linux-gnu/Scrt1.o /usr/lib/gcc/x86_64-linux-gnu/11/../../../x86_64-linux-gnu/crti.o /usr/lib/gcc/x86_64-linux-gnu/11/crtbeginS.o -L/usr/lib/gcc/x86_64-linux-gnu/11 -L/usr/lib/gcc/x86_64-linux-gnu/11/../../../x86_64-linux-gnu -L/usr/lib/gcc/x86_64-linux-gnu/11/../../../../lib -L/lib/x86_64-linux-gnu -L/lib/../lib -L/usr/lib/x86_64-linux-gnu -L/usr/lib/../lib -L/usr/lib/gcc/x86_64-linux-gnu/11/../../.. CMakeFiles/cmTC_4795b.dir/CMakeCCompilerABI.c.o -lgcc --push-state --as-needed -lgcc_s --pop-state -lc -lgcc --push-state --as-needed -lgcc_s --pop-state /usr/lib/gcc/x86_64-linux-gnu/11/crtendS.o /usr/lib/gcc/x86_64-linux-gnu/11/../../../x86_64-linux-gnu/crtn.o
COLLECT_GCC_OPTIONS='-v' '-rdynamic' '-o' 'cmTC_4795b' '-mtune=generic' '-march=x86-64' '-dumpdir' 'cmTC_4795b.'
gmake[1]: Leaving directory '/media/projects/personal/cjadv/build/CMakeFiles/CMakeScratch/TryCompile-LOQEPD'



Parsed C implicit include dir info from above output: rv=done
  found start of include info
  found start of implicit include info
    add: [/usr/lib/gcc/x86_64-linux-gnu/11/include]
    add: [/usr/local/include]
    add: [/usr/include/x86_64-linux-gnu]
    add: [/usr/include]
  end of search list found
  collapse include dir [/usr/lib/gcc/x86_64-linux-gnu/11/include] ==> [/usr/lib/gcc/x86_64-linux-gnu/11/include]
  collapse include dir [/usr/local/include] ==> [/usr/local/include]
  collapse include dir [/usr/include/x86_64-linux-gnu] ==> [/usr/include/x86_64-linux-gnu]
  collapse include dir [/usr/include] ==> [/usr/include]
  implicit include dirs: [/usr/lib/gcc/x86_64-linux-gnu/11/include;/usr/local/include;/usr/include/x86_64-linux-gnu;/usr/include]


Parsed C implicit link information from above output:
  link line regex: [^( *|.*[/\])(ld|CMAKE_LINK_STARTFILE-NOTFOUND|([^/\]+-)?ld|collect2)[^/\]*( |$)]
  ignore line: [Change Dir: /media/projects/personal/cjadv/build/CMakeFiles/CMakeScratch/TryCompile-LOQEPD]
  ignore line: []
  ignore line: [Run Build Command(s):/usr/bin/gmake -f Makefile cmTC_4795b/fast && /usr/bin/gmake  -f CMakeFiles/cmTC_4795b.dir/build.make CMakeFiles/cmTC_4795b.dir/build]
  ignore line: [gmake[1]: Entering directory '/media/projects/personal/cjadv/build/CMakeFiles/CMakeScratch/TryCompile-LOQEPD']
  ignore line: [Building C object CMakeFiles/cmTC_4795b.dir/CMakeCCompilerABI.c.o]
  ignore line: [/usr/bin/cc   -v -o CMakeFiles/cmTC_4795b.dir/CMakeCCompilerABI.c.o -c /usr/share/cmake-3.25/Modules/CMakeCCompilerABI.c]
  ignore line: [Using built-in specs.]
  ignore line: [COLLECT_GCC=/usr/bin/cc]
  ignore line: [OFFLOAD_TARGET_NAMES=nvptx-none:amdgcn-amdhsa]
  ignore line: [OFFLOAD_TARGET_DEFAULT=1]
  ignore line: [Target: x86_64-linux-gnu]
  ignore line: [Configured with: ../src/configure -v --with-pkgversion='Ubuntu 11.4.0-1ubuntu1~22.04' --with-bugurl=file:///usr/share/doc/gcc-11/README.Bugs --enable-languages=c ada c++ go brig d fortran objc obj-c++ m2 --prefix=/usr --with-gcc-major-version-only --program-suffix=-11 --program-prefix=x86_64-linux-gnu- --enable-shared --enable-linker-build-id --libexecdir=/usr/lib --without-included-gettext --enable-threads=posix --libdir=/usr/lib --enable-nls --enable-bootstrap --enable-clocale=gnu --enable-libstdcxx-debug --enable-libstdcxx-time=yes --with-default-libstdcxx-abi=new --enable-gnu-unique-object --disable-vtable-verify --enable-plugin --enable-default-pie --with-system-zlib --enable-libphobos-checking=release --with-target-system-zlib=auto --enable-objc-gc=auto --enable-multiarch --disable-werror --enable-cet --with-arch-32=i686 --with-abi=m64 --with-multilib-list=m32 m64 mx32 --enable-multilib --with-tune=generic --enable-offload-targets=nvptx-none=/build/gcc-11-XeT9lY/gcc-11-11.4.0/debian/tmp-nvptx/usr amdgcn-amdhsa=/build/gcc-11-XeT9lY/gcc-11-11.4.0/debian/tmp-gcn/usr --without-cuda-driver --enable-checking=release --build=x86_64-linux-gnu --host=x86_64-linux-gnu --target=x86_64-linux-gnu --with-build-config=bootstrap-lto-lean --enable-link-serialization=2]
  ignore line: [Thread model: posix]
  ignore line: [Supported LTO compression algorithms: zlib zstd]
  ignore line: [gcc version 11.4.0 (Ubuntu 11.4.0-1ubuntu1~22.04) ]
  ignore line: [COLLECT_GCC_OPTIONS='-v' '-o' 'CMakeFiles/cmTC_4795b.dir/CMakeCCompilerABI.c.o' '-c' '-mtune=generic' '-march=x86-64' '-dumpdir' 'CMakeFiles/cmTC_4795b.dir/']
  ignore line: [ /usr/lib/gcc/x86_64-linux-gnu/11/cc1 -quiet -v -imultiarch x86_64-linux-gnu /usr/share/cmake-3.25/Modules/CMakeCCompilerABI.c -quiet -dumpdir CMakeFiles/cmTC_4795b.dir/ -dumpbase CMakeCCompilerABI.c.c -dumpbase-ext .c -mtune=generic -march=x86-64 -version -fasynchronous-unwind-tables -fstack-protector-strong -Wformat -Wformat-security -fstack-clash-protection -fcf-protection -o /tmp/ccWX0ZyC.s]
  ignore line: [GNU C17 (Ubuntu 11.4.0-1ubuntu1~22.04) version 11.4.0 (x86_64-linux-gnu)]
  ignore line: [	compiled by GNU C version 11.4.0  GMP version 6.2.1  MPFR version 4.1.0  MPC version 1.2.1  isl version isl-0.24-GMP]
  ignore line: []
  ignore line: [GGC heuristics: --param ggc-min-expand=100 --param ggc-min-heapsize=131072]
  ignore line: [ignoring nonexistent directory "/usr/local/include/x86_64-linux-gnu"]
  ignore line: [ignoring nonexistent directory "/usr/lib/gcc/x86_64-linux-gnu/11/include-fixed"]
  ignore line: [ignoring nonexistent directory "/usr/lib/gcc/x86_64-linux-gnu/11/../../../../x86_64-linux-gnu/include"]
  ignore line: [#include "..." search starts here:]
  ignore line: [#include <...> search starts here:]
  ignore line: [ /usr/lib/gcc/x86_64-linux-gnu/11/include]
  ignore line: [ /usr/local/include]
  ignore line: [ /usr/include/x86_64-linux-gnu]
  ignore line: [ /usr/include]
  ignore line: [End of search list.]
  ignore line: [GNU C17 (Ubuntu 11.4.0-1ubuntu1~22.04) version 11.4.0 (x86_64-linux-gnu)]
  ignore line: [	compiled by GNU C version 11.4.0  GMP version 6.2.1  MPFR version 4.1.0  MPC version 1.2.1  isl version isl-0.24-GMP]
  ignore line: []
  ignore line: [GGC heuristics: --param ggc-min-expand=100 --param ggc-min-heapsize=131072]
  ignore line: [Compiler executable checksum: 50eaa2331df977b8016186198deb2d18]
  ignore line: [COLLECT_GCC_OPTIONS='-v' '-o' 'CMakeFiles/cmTC_4795b.dir/CMakeCCompilerABI.c.o' '-c' '-mtune=generic' '-march=x86-64' '-dumpdir' 'CMakeFiles/cmTC_4795b.dir/']
  ignore line: [ as -v --64 -o CMakeFiles/cmTC_4795b.dir/CMakeCCompilerABI.c.o /tmp/ccWX0ZyC.s]
  ignore line: [GNU assembler version 2.38 (x86_64-linux-gnu) using BFD version (GNU Binutils for Ubuntu) 2.38]
  ignore line: [COMPILER_PATH=/usr/lib/gcc/x86_64-linux-gnu/11/:/usr/lib/gcc/x86_64-linux-gnu/11/:/usr/lib/gcc/x86_64-linux-gnu/:/usr/lib/gcc/x86_64-linux-gnu/11/:/usr/lib/gcc/x86_64-linux-gnu/]
  ignore line: [LIBRARY_PATH=/usr/lib/gcc/x86_64-linux-gnu/11/:/usr/lib/gcc/x86_64-linux-gnu/11/../../../x86_64-linux-gnu/:/usr/lib/gcc/x86_64-linux-gnu/11/../../../../lib/:/lib/x86_64-linux-gnu/:/lib/../lib/:/usr/lib/x86_64-linux-gnu/:/usr/lib/../lib/:/usr/lib/gcc/x86_64-linux-gnu/11/../../../:/lib/:/usr/lib/]
  ignore line: [COLLECT_GCC_OPTIONS='-v' '-o' 'CMakeFiles/cmTC_4795b.dir/CMakeCCompilerABI.c.o' '-c' '-mtune=generic' '-march=x86-64' '-dumpdir' 'CMakeFiles/cmTC_4795b.dir/CMakeCCompilerABI.c.']
  ignore line: [Linking C executable cmTC_4795b]
  ignore line: [/usr/bin/cmake -E cmake_link_script CMakeFiles/cmTC_4795b.dir/link.txt --verbose=1]
  ignore line: [/usr/bin/cc  -v -rdynamic CMakeFiles/cmTC_4795b.dir/CMakeCCompilerABI.c.o -o cmTC_4795b ]
  ignore line: [Using built-in specs.]
  ignore line: [COLLECT_GCC=/usr/bin/cc]
  ignore line: [COLLECT_LTO_WRAPPER=/usr/lib/gcc/x86_64-linux-gnu/11/lto-wrapper]
  ignore line: [OFFLOAD_TARGET_NAMES=nvptx-none:amdgcn-amdhsa]
  ignore line: [OFFLOAD_TARGET_DEFAULT=1]
  ignore line: [Target: x86_64-linux-gnu]
  ignore line: [Configured with: ../src/configure -v --with-pkgversion='Ubuntu 11.4.0-1ubuntu1~22.04' --with-bugurl=file:///usr/share/doc/gcc-11/README.Bugs --enable-languages=c ada c++ go brig d fortran objc obj-c++ m2 --prefix=/usr --with-gcc-major-version-only --program-suffix=-11 --program-prefix=x86_64-linux-gnu- --enable-shared --enable-linker-build-id --libexecdir=/usr/lib --without-included-gettext --enable-threads=posix --libdir=/usr/lib --enable-nls --enable-bootstrap --enable-clocale=gnu --enable-libstdcxx-debug --enable-libstdcxx-time=yes --with-default-libstdcxx-abi=new --enable-gnu-unique-object --disable-vtable-verify --enable-plugin --enable-default-pie --with-system-zlib --enable-libphobos-checking=release --with-target-system-zlib=auto --enable-objc-gc=auto --enable-multiarch --disable-werror --enable-cet --with-arch-32=i686 --with-abi=m64 --with-multilib-list=m32 m64 mx32 --enable-multilib --with-tune=generic --enable-offload-targets=nvptx-none=/build/gcc-11-XeT9lY/gcc-11-11.4.0/debian/tmp-nvptx/usr amdgcn-amdhsa=/build/gcc-11-XeT9lY/gcc-11-11.4.0/debian/tmp-gcn/usr --without-cuda-driver --enable-checking=release --build=x86_64-linux-gnu --host=x86_64-linux-gnu --target=x86_64-linux-gnu --with-build-config=bootstrap-lto-lean --enable-link-serialization=2]
  ignore line: [Thread model: posix]
  ignore line: [Supported LTO compression algorithms: zlib zstd]
  ignore line: [gcc version 11.4.0 (Ubuntu 11.4.0-1ubuntu1~22.04) ]
  ignore line: [COMPILER_PATH=/usr/lib/gcc/x86_64-linux-gnu/11/:/usr/lib/gcc/x86_64-linux-gnu/11/:/usr/lib/gcc/x86_64-linux-gnu/:/usr/lib/gcc/x86_64-linux-gnu/11/:/usr/lib/gcc/x86_64-linux-gnu/]
  ignore line: [LIBRARY_PATH=/usr/lib/gcc/x86_64-linux-gnu/11/:/usr/lib/gcc/x86_64-linux-gnu/11/../../../x86_64-linux-gnu/:/usr/lib/gcc/x86_64-linux-gnu/11/../../../../lib/:/lib/x86_64-linux-gnu/:/lib/../lib/:/usr/lib/x86_64-linux-gnu/:/usr/lib/../lib/:/usr/lib/gcc/x86_64-linux-gnu/11/../../../:/lib/:/usr/lib/]
  ignore line: [COLLECT_GCC_OPTIONS='-v' '-rdynamic' '-o' 'cmTC_4795b' '-mtune=generic' '-march=x86-64' '-dumpdir' 'cmTC_4795b.']
  link line: [ /usr/lib/gcc/x86_64-linux-gnu/11/collect2 -plugin /usr/lib/gcc/x86_64-linux-gnu/11/liblto_plugin.so -plugin-opt=/usr/lib/gcc/x86_64-linux-gnu/11/lto-wrapper -plugin-opt=-fresolution=/tmp/cc2gX6QB.res -plugin-opt=-pass-through=-lgcc -plugin-opt=-pass-through=-lgcc_s -plugin-opt=-pass-through=-lc -plugin-opt=-pass-through=-lgcc -plugin-opt=-pass-through=-lgcc_s --build-id --eh-frame-hdr -m elf_x86_64 --hash-style=gnu --as-needed -export-dynamic -dynamic-linker /lib64/ld-linux-x86-64.so.2 -pie -z now -z relro -o cmTC_4795b /usr/lib/gcc/x86_64-linux-gnu/11/../../../x86_64-linux-gnu/Scrt1.o /usr/lib/gcc/x86_64-linux-gnu/11/../../../x86_64-linux-gnu/crti.o /usr/lib/gcc/x86_64-linux-gnu/11/crtbeginS.o -L/usr/lib/gcc/x86_64-linux-gnu/11 -L/usr/lib/gcc/x86_64-linux-gnu/11/../../../x86_64-linux-gnu -L/usr/lib/gcc/x86_64-linux-gnu/11/../../../../lib -L/lib/x86_64-linux-gnu -L/lib/../lib -L/usr/lib/x86_64-linux-gnu -L/usr/lib/../lib -L/usr/lib/gcc/x86_64-linux-gnu/11/../../.. CMakeFiles/cmTC_4795b.dir/CMakeCCompilerABI.c.o -lgcc --push-state --as-needed -lgcc_s --pop-state -lc -lgcc --push-state --as-needed -lgcc_s --pop-state /usr/lib/gcc/x86_64-linux-gnu/11/crtendS.o /usr/lib/gcc/x86_64-linux-gnu/11/../../../x86_64-linux-gnu/crtn.o]
    arg [/usr/lib/gcc/x86_64-linux-gnu/11/collect2] ==> ignore
    arg [-plugin] ==> ignore
    arg [/usr/lib/gcc/x86_64-linux-gnu/11/liblto_plugin.so] ==> ignore
    arg [-plugin-opt=/usr/lib/gcc/x86_64-linux-gnu/11/lto-wrapper] ==> ignore
    arg [-plugin-opt=-fresolution=/tmp/cc2gX6QB.res] ==> ignore
    arg [-plugin-opt=-pass-through=-lgcc] ==> ignore
    arg [-plugin-opt=-pass-through=-lgcc_s] ==> ignore
    arg [-plugin-opt=-pass-through=-lc] ==> ignore
    arg [-plugin-opt=-pass-through=-lgcc] ==> ignore
    arg [-plugin-opt=-pass-through=-lgcc_s] ==> ignore
    arg [--build-id] ==> ignore
    arg [--eh-frame-hdr] ==> ignore
    arg [-m] ==> ignore
    arg [elf_x86_64] ==> ignore
    arg [--hash-style=gnu] ==> ignore
    arg [--as-needed] ==> ignore
    arg [-export-dynamic] ==> ignore
    arg [-dynamic-linker] ==> ignore
    arg [/lib64/ld-linux-x86-64.so.2] ==> ignore
    arg [-pie] ==> ignore
    arg [-znow] ==> ignore
    arg [-zrelro] ==> ignore
    arg [-o] ==> ignore
    arg [cmTC_4795b] ==> ignore
    arg [/usr/lib/gcc/x86_64-linux-gnu/11/../../../x86_64-linux-gnu/Scrt1.o] ==> obj [/usr/lib/gcc/x86_64-linux-gnu/11/../../../x86_64-linux-gnu/Scrt1.o]
    arg [/usr/lib/gcc/x86_64-linux-gnu/11/../../../x86_64-linux-gnu/crti.o] ==> obj [/usr/lib/gcc/x86_64-linux-gnu/11/../../../x86_64-linux-gnu/crti.o]
    arg [/usr/lib/gcc/x86_64-linux-gnu/11/crtbeginS.o] ==> obj [/usr/lib/gcc/x86_64-linux-gnu/11/crtbeginS.o]
    arg [-L/usr/lib/gcc/x86_64-linux-gnu/11] ==> dir [/usr/lib/gcc/x86_64-linux-gnu/11]
    arg [-L/usr/lib/gcc/x86_64-linux-gnu/11/../../../x86_64-linux-gnu] ==> dir [/usr/lib/gcc/x86_64-linux-gnu/11/../../../x86_64-linux-gnu]
    arg [-L/usr/lib/gcc/x86_64-linux-gnu/11/../../../../lib] ==> dir [/usr/lib/gcc/x86_64-linux-gnu/11/../../../../lib]
    arg [-L/lib/x86_64-linux-gnu] ==> dir [/lib/x86_64-linux-gnu]
    arg [-L/lib/../lib] ==> dir [/lib/../lib]
    arg [-L/usr/lib/x86_64-linux-gnu] ==> dir [/usr/lib/x86_64-linux-gnu]
    arg [-L/usr/lib/../lib] ==> dir [/usr/lib/../lib]
    arg [-L/usr/lib/gcc/x86_64-linux-gnu/11/../../..] ==> dir [/usr/lib/gcc/x86_64-linux-gnu/11/../../..]
    arg [CMakeFiles/cmTC_4795b.dir/CMakeCCompilerABI.c.o] ==> ignore
    arg [-lgcc] ==> lib [gcc]
    arg [--push-state] ==> ignore
    arg [--as-needed] ==> ignore
    arg [-lgcc_s] ==> lib [gcc_s]
    arg [--pop-state] ==> ignore
    arg [-lc] ==> lib [c]
    arg [-lgcc] ==> lib [gcc]
    arg [--push-state] ==> ignore
    arg [--as-needed] ==> ignore
    arg [-lgcc_s] ==> lib [gcc_s]
    arg [--pop-state] ==> ignore
    arg [/usr/lib/gcc/x86_64-linux-gnu/11/crtendS.o] ==> obj [/usr/lib/gcc/x86_64-linux-gnu/11/crtendS.o]
    arg [/usr/lib/gcc/x86_64-linux-gnu/11/../../../x86_64-linux-gnu/crtn.o] ==> obj [/usr/lib/gcc/x86_64-linux-gnu/11/../../../x86_64-linux-gnu/crtn.o]
  collapse obj [/usr/lib/gcc/x86_64-linux-gnu/11/../../../x86_64-linux-gnu/Scrt1.o] ==> [/usr/lib/x86_64-linux-gnu/Scrt1.o]
  collapse obj [/usr/lib/gcc/x86_64-linux-gnu/11/../../../x86_64-linux-gnu/crti.o] ==> [/usr/lib/x86_64-linux-gnu/crti.o]
  collapse obj [/usr/lib/gcc/x86_64-linux-gnu/11/../../../x86_64-linux-gnu/crtn.o] ==> [/usr/lib/x86_64-linux-gnu/crtn.o]
  collapse library dir [/usr/lib/gcc/x86_64-linux-gnu/11] ==> [/usr/lib/gcc/x86_64-linux-gnu/11]
  collapse library dir [/usr/lib/gcc/x86_64-linux-gnu/11/../../../x86_64-linux-gnu] ==> [/usr/lib/x86_64-linux-gnu]
  collapse library dir [/usr/lib/gcc/x86_64-linux-gnu/11/../../../../lib] ==> [/usr/lib]
  collapse library dir [/lib/x86_64-linux-gnu] ==> [/lib/x86_64-linux-gnu]
  collapse library dir [/lib/../lib] ==> [/lib]
  collapse library dir [/usr/lib/x86_64-linux-gnu] ==> [/usr/lib/x86_64-linux-gnu]
  collapse library dir [/usr/lib/../lib] ==> [/usr/lib]
  collapse library dir [/usr/lib/gcc/x86_64-linux-gnu/11/../../..] ==> [/usr/lib]
  implicit libs: [gcc;gcc_s;c;gcc;gcc_s]
  implicit objs: [/usr/lib/x86_64-linux-gnu/Scrt1.o;/usr/lib/x86_64-linux-gnu/crti.o;/usr/lib/gcc/x86_64-linux-gnu/11/crtbeginS.o;/usr/lib/gcc/x86_64-linux-gnu/11/crtendS.o;/usr/lib/x86_64-linux-gnu/crtn.o]
  implicit dirs: [/usr/lib/gcc/x86_64-linux-gnu/11;/usr/lib/x86_64-linux-gnu;/usr/lib;/lib/x86_64-linux-gnu;/lib]
  implicit fwks: []


Performing C SOURCE FILE Test FLAG_SUPPORTED_stdc89 succeeded with the following output:
Change Dir: /media/projects/personal/cjadv/build/CMakeFiles/CMakeScratch/TryCompile-amMyoq

Run Build Command(s):/usr/bin/gmake -f Makefile cmTC_0e909/fast && /usr/bin/gmake  -f CMakeFiles/cmTC_0e909.dir/build.make CMakeFiles/cmTC_0e909.dir/build
gmake[1]: Entering directory '/media/projects/personal/cjadv/build/CMakeFiles/CMakeScratch/TryCompile-amMyoq'
Building C object CMakeFiles/cmTC_0e909.dir/src.c.o
/usr/bin/cc -DFLAG_SUPPORTED_stdc89  -std=c89 -o CMakeFiles/cmTC_0e909.dir/src.c.o -c /media/projects/personal/cjadv/build/CMakeFiles/CMakeScratch/TryCompile-amMyoq/src.c
Linking C executable cmTC_0e909
/usr/bin/cmake -E cmake_link_script CMakeFiles/cmTC_0e909.dir/link.txt --verbose=1
/usr/bin/cc -rdynamic CMakeFiles/cmTC_0e909.dir/src.c.o -o cmTC_0e909 
gmake[1]: Leaving directory '/media/projects/personal/cjadv/build/CMakeFiles/CMakeScratch/TryCompile-amMyoq'


Source file was:
int main(void) { return 0; }

Performing C SOURCE FILE Test FLAG_SUPPORTED_pedantic succeeded with the following output:
Change Dir: /media/projects/personal/cjadv/build/CMakeFiles/CMakeScratch/TryCompile-4AliS4

Run Build Command(s):/usr/bin/gmake -f Makefile cmTC_880c8/fast && /usr/bin/gmake  -f CMakeFiles/cmTC_880c8.dir/build.make CMakeFiles/cmTC_880c8.dir/build
gmake[1]: Entering directory '/media/projects/personal/cjadv/build/CMakeFiles/CMakeScratch/TryCompile-4AliS4'
Building C object CMakeFiles/cmTC_880c8.dir/src.c.o
/usr/bin/cc -DFLAG_SUPPORTED_pedantic  -std=c89    -pedantic -o CMakeFiles/cmTC_880c8.dir/src.c.o -c /media/projects/personal/cjadv/build/CMakeFiles/CMakeScratch/TryCompile-4AliS4/src.c
Linking C executable cmTC_880c8
/usr/bin/cmake -E cmake_link_script CMakeFiles/cmTC_880c8.dir/link.txt --verbose=1
/usr/bin/cc  -std=c89  -rdynamic CMakeFiles/cmTC_880c8.dir/src.c.o -o cmTC_880c8 
gmake[1]: Leaving directory '/media/projects/personal/cjadv/build/CMakeFiles/CMakeScratch/TryCompile-4AliS4'


Source file was:
int main(void) { return 0; }

Performing C SOURCE FILE Test FLAG_SUPPORTED_Wall succeeded with the following output:
Change Dir: /media/projects/personal/cjadv/build/CMakeFiles/CMakeScratch/TryCompile-T98Lir

Run Build Command(s):/usr/bin/gmake -f Makefile cmTC_c7d8b/fast && /usr/bin/gmake  -f CMakeFiles/cmTC_c7d8b.dir/build.make CMakeFiles/cmTC_c7d8b.dir/build
gmake[1]: Entering directory '/media/projects/personal/cjadv/build/CMakeFiles/CMakeScratch/TryCompile-T98Lir'
Building C object CMakeFiles/cmTC_c7d8b.dir/src.c.o
/usr/bin/cc -DFLAG_SUPPORTED_Wall  -std=c89 -pedantic    -Wall -o CMakeFiles/cmTC_c7d8b.dir/src.c.o -c /media/projects/personal/cjadv/build/CMakeFiles/CMakeScratch/TryCompile-T98Lir/src.c
Linking C executable cmTC_c7d8b
/usr/bin/cmake -E cmake_link_script CMakeFiles/cmTC_c7d8b.dir/link.txt --verbose=1
/usr/bin/cc  -std=c89 -pedantic  -rdynamic CMakeFiles/cmTC_c7d8b.dir/src.c.o -o cmTC_c7d8b 
gmake[1]: Leaving directory '/media/projects/personal/cjadv/build/CMakeFiles/CMakeScratch/TryCompile-T98Lir'


Source file was:
int main(void) { return 0; }

Performing C SOURCE FILE Test FLAG_SUPPORTED_Wextra succeeded with the following output:
Change Dir: /media/projects/personal/cjadv/build/CMakeFiles/CMakeScratch/TryCompile-tURy4g

Run Build Command(s):/usr/bin/gmake -f Makefile cmTC_6a679/fast && /usr/bin/gmake  -f CMakeFiles/cmTC_6a679.dir/build.make CMakeFiles/cmTC_6a679.dir/build
gmake[1]: Entering directory '/media/projects/personal/cjadv/build/CMakeFiles/CMakeScratch/TryCompile-tURy4g'
Building C object CMakeFiles/cmTC_6a679.dir/src.c.o
/usr/bin/cc -DFLAG_SUPPORTED_Wextra  -std=c89 -pedantic -Wall    -Wextra -o CMakeFiles/cmTC_6a679.dir/src.c.o -c /media/projects/personal/cjadv/build/CMakeFiles/CMakeScratch/TryCompile-tURy4g/src.c
Linking C executable cmTC_6a679
/usr/bin/cmake -E cmake_link_script CMakeFiles/cmTC_6a679.dir/link.txt --verbose=1
/usr/bin/cc  -std=c89 -pedantic -Wall  -rdynamic CMakeFiles/cmTC_6a679.dir/src.c.o -o cmTC_6a679 
gmake[1]: Leaving directory '/media/projects/personal/cjadv/build/CMakeFiles/CMakeScratch/TryCompile-tURy4g'


Source file was:
int main(void) { return 0; }

Performing C SOURCE FILE Test FLAG_SUPPORTED_Werror succeeded with the following output:
Change Dir: /media/projects/personal/cjadv/build/CMakeFiles/CMakeScratch/TryCompile-Z3Ft44

Run Build Command(s):/usr/bin/gmake -f Makefile cmTC_d99f9/fast && /usr/bin/gmake  -f CMakeFiles/cmTC_d99f9.dir/build.make CMakeFiles/cmTC_d99f9.dir/build
gmake[1]: Entering directory '/media/projects/personal/cjadv/build/CMakeFiles/CMakeScratch/TryCompile-Z3Ft44'
Building C object CMakeFiles/cmTC_d99f9.dir/src.c.o
/usr/bin/cc -DFLAG_SUPPORTED_Werror  -std=c89 -pedantic -Wall -Wextra    -Werror -o CMakeFiles/cmTC_d99f9.dir/src.c.o -c /media/projects/personal/cjadv/build/CMakeFiles/CMakeScratch/TryCompile-Z3Ft44/src.c
Linking C executable cmTC_d99f9
/usr/bin/cmake -E cmake_link_script CMakeFiles/cmTC_d99f9.dir/link.txt --verbose=1
/usr/bin/cc  -std=c89 -pedantic -Wall -Wextra  -rdynamic CMakeFiles/cmTC_d99f9.dir/src.c.o -o cmTC_d99f9 
gmake[1]: Leaving directory '/media/projects/personal/cjadv/build/CMakeFiles/CMakeScratch/TryCompile-Z3Ft44'


Source file was:
int main(void) { return 0; }

Performing C SOURCE FILE Test FLAG_SUPPORTED_Wstrictprototypes succeeded with the following output:
Change Dir: /media/projects/personal/cjadv/build/CMakeFiles/CMakeScratch/TryCompile-xgp8yJ

Run Build Command(s):/usr/bin/gmake -f Makefile cmTC_8df7f/fast && /usr/bin/gmake  -f CMakeFiles/cmTC_8df7f.dir/build.make CMakeFiles/cmTC_8df7f.dir/build
gmake[1]: Entering directory '/media/projects/personal/cjadv/build/CMakeFiles/CMakeScratch/TryCompile-xgp8yJ'
Building C object CMakeFiles/cmTC_8df7f.dir/src.c.o
/usr/bin/cc -DFLAG_SUPPORTED_Wstrictprototypes  -std=c89 -pedantic -Wall -Wextra -Werror    -Wstrict-prototypes -o CMakeFiles/cmTC_8df7f.dir/src.c.o -c /media/projects/personal/cjadv/build/CMakeFiles/CMakeScratch/TryCompile-xgp8yJ/src.c
Linking C executable cmTC_8df7f
/usr/bin/cmake -E cmake_link_script CMakeFiles/cmTC_8df7f.dir/link.txt --verbose=1
/usr/bin/cc  -std=c89 -pedantic -Wall -Wextra -Werror  -rdynamic CMakeFiles/cmTC_8df7f.dir/src.c.o -o cmTC_8df7f 
gmake[1]: Leaving directory '/media/projects/personal/cjadv/build/CMakeFiles/CMakeScratch/TryCompile-xgp8yJ'


Source file was:
int main(void) { return 0; }

Performing C SOURCE FILE Test FLAG_SUPPORTED_Wwritestrings succeeded with the following output:
Change Dir: /media/projects/personal/cjadv/build/CMakeFiles/CMakeScratch/TryCompile-MIrE20

Run Build Command(s):/usr/bin/gmake -f Makefile cmTC_f89a4/fast && /usr/bin/gmake  -f CMakeFiles/cmTC_f89a4.dir/build.make CMakeFiles/cmTC_f89a4.dir/build
gmake[1]: Entering directory '/media/projects/personal/cjadv/build/CMakeFiles/CMakeScratch/TryCompile-MIrE20'
Building C object CMakeFiles/cmTC_f89a4.dir/src.c.o
/usr/bin/cc -DFLAG_SUPPORTED_Wwritestrings  -std=c89 -pedantic -Wall -Wextra -Werror -Wstrict-prototypes    -Wwrite-strings -o CMakeFiles/cmTC_f89a4.dir/src.c.o -c /media/projects/personal/cjadv/build/CMakeFiles/CMakeScratch/TryCompile-MIrE20/src.c
Linking C executable cmTC_f89a4
/usr/bin/cmake -E cmake_link_script CMakeFiles/cmTC_f89a4.dir/link.txt --verbose=1
/usr/bin/cc  -std=c89 -pedantic -Wall -Wextra -Werror -Wstrict-prototypes  -rdynamic CMakeFiles/cmTC_f89a4.dir/src.c.o -o cmTC_f89a4 
gmake[1]: Leaving directory '/media/projects/personal/cjadv/build/CMakeFiles/CMakeScratch/TryCompile-MIrE20'


Source file was:
int main(void) { return 0; }

Performing C SOURCE FILE Test FLAG_SUPPORTED_Wshadow succeeded with the following output:
Change Dir: /media/projects/personal/cjadv/build/CMakeFiles/CMakeScratch/TryCompile-295tn0

Run Build Command(s):/usr/bin/gmake -f Makefile cmTC_cd1ac/fast && /usr/bin/gmake  -f CMakeFiles/cmTC_cd1ac.dir/build.make CMakeFiles/cmTC_cd1ac.dir/build
gmake[1]: Entering directory '/media/projects/personal/cjadv/build/CMakeFiles/CMakeScratch/TryCompile-295tn0'
Building C object CMakeFiles/cmTC_cd1ac.dir/src.c.o
/usr/bin/cc -DFLAG_SUPPORTED_Wshadow  -std=c89 -pedantic -Wall -Wextra -Werror -Wstrict-prototypes -Wwrite-strings    -Wshadow -o CMakeFiles/cmTC_cd1ac.dir/src.c.o -c /media/projects/personal/cjadv/build/CMakeFiles/CMakeScratch/TryCompile-295tn0/src.c
Linking C executable cmTC_cd1ac
/usr/bin/cmake -E cmake_link_script CMakeFiles/cmTC_cd1ac.dir/link.txt --verbose=1
/usr/bin/cc  -std=c89 -pedantic -Wall -Wextra -Werror -Wstrict-prototypes -Wwrite-strings  -rdynamic CMakeFiles/cmTC_cd1ac.dir/src.c.o -o cmTC_cd1ac 
gmake[1]: Leaving directory '/media/projects/personal/cjadv/build/CMakeFiles/CMakeScratch/TryCompile-295tn0'


Source file was:
int main(void) { return 0; }

Performing C SOURCE FILE Test FLAG_SUPPORTED_Winitself succeeded with the following output:
Change Dir: /media/projects/personal/cjadv/build/CMakeFiles/CMakeScratch/TryCompile-nYOQuS

Run Build Command(s):/usr/bin/gmake -f Makefile cmTC_9df99/fast && /usr/bin/gmake  -f CMakeFiles/cmTC_9df99.dir/build.make CMakeFiles/cmTC_9df99.dir/build
gmake[1]: Entering directory '/media/projects/personal/cjadv/build/CMakeFiles/CMakeScratch/TryCompile-nYOQuS'
Building C object CMakeFiles/cmTC_9df99.dir/src.c.o
/usr/bin/cc -DFLAG_SUPPORTED_Winitself  -std=c89 -pedantic -Wall -Wextra -Werror -Wstrict-prototypes -Wwrite-strings -Wshadow    -Winit-self -o CMakeFiles/cmTC_9df99.dir/src.c.o -c /media/projects/personal/cjadv/build/CMakeFiles/CMakeScratch/TryCompile-nYOQuS/src.c
Linking C executable cmTC_9df99
/usr/bin/cmake -E cmake_link_script CMakeFiles/cmTC_9df99.dir/link.txt --verbose=1
/usr/bin/cc  -std=c89 -pedantic -Wall -Wextra -Werror -Wstrict-prototypes -Wwrite-strings -Wshadow  -rdynamic CMakeFiles/cmTC_9df99.dir/src.c.o -o cmTC_9df99 
gmake[1]: Leaving directory '/media/projects/personal/cjadv/build/CMakeFiles/CMakeScratch/TryCompile-nYOQuS'


Source file was:
int main(void) { return 0; }

Performing C SOURCE FILE Test FLAG_SUPPORTED_Wcastalign succeeded with the following output:
Change Dir: /media/projects/personal/cjadv/build/CMakeFiles/CMakeScratch/TryCompile-qRfqUN

Run Build Command(s):/usr/bin/gmake -f Makefile cmTC_93ef6/fast && /usr/bin/gmake  -f CMakeFiles/cmTC_93ef6.dir/build.make CMakeFiles/cmTC_93ef6.dir/build
gmake[1]: Entering directory '/media/projects/personal/cjadv/build/CMakeFiles/CMakeScratch/TryCompile-qRfqUN'
Building C object CMakeFiles/cmTC_93ef6.dir/src.c.o
/usr/bin/cc -DFLAG_SUPPORTED_Wcastalign  -std=c89 -pedantic -Wall -Wextra -Werror -Wstrict-prototypes -Wwrite-strings -Wshadow -Winit-self    -Wcast-align -o CMakeFiles/cmTC_93ef6.dir/src.c.o -c /media/projects/personal/cjadv/build/CMakeFiles/CMakeScratch/TryCompile-qRfqUN/src.c
Linking C executable cmTC_93ef6
/usr/bin/cmake -E cmake_link_script CMakeFiles/cmTC_93ef6.dir/link.txt --verbose=1
/usr/bin/cc  -std=c89 -pedantic -Wall -Wextra -Werror -Wstrict-prototypes -Wwrite-strings -Wshadow -Winit-self  -rdynamic CMakeFiles/cmTC_93ef6.dir/src.c.o -o cmTC_93ef6 
gmake[1]: Leaving directory '/media/projects/personal/cjadv/build/CMakeFiles/CMakeScratch/TryCompile-qRfqUN'


Source file was:
int main(void) { return 0; }

Performing C SOURCE FILE Test FLAG_SUPPORTED_Wformat2 succeeded with the following output:
Change Dir: /media/projects/personal/cjadv/build/CMakeFiles/CMakeScratch/TryCompile-GYOM2s

Run Build Command(s):/usr/bin/gmake -f Makefile cmTC_6c46b/fast && /usr/bin/gmake  -f CMakeFiles/cmTC_6c46b.dir/build.make CMakeFiles/cmTC_6c46b.dir/build
gmake[1]: Entering directory '/media/projects/personal/cjadv/build/CMakeFiles/CMakeScratch/TryCompile-GYOM2s'
Building C object CMakeFiles/cmTC_6c46b.dir/src.c.o
/usr/bin/cc -DFLAG_SUPPORTED_Wformat2  -std=c89 -pedantic -Wall -Wextra -Werror -Wstrict-prototypes -Wwrite-strings -Wshadow -Winit-self -Wcast-align    -Wformat=2 -o CMakeFiles/cmTC_6c46b.dir/src.c.o -c /media/projects/personal/cjadv/build/CMakeFiles/CMakeScratch/TryCompile-GYOM2s/src.c
Linking C executable cmTC_6c46b
/usr/bin/cmake -E cmake_link_script CMakeFiles/cmTC_6c46b.dir/link.txt --verbose=1
/usr/bin/cc  -std=c89 -pedantic -Wall -Wextra -Werror -Wstrict-prototypes -Wwrite-strings -Wshadow -Winit-self -Wcast-align  -rdynamic CMakeFiles/cmTC_6c46b.dir/src.c.o -o cmTC_6c46b 
gmake[1]: Leaving directory '/media/projects/personal/cjadv/build/CMakeFiles/CMakeScratch/TryCompile-GYOM2s'


Source file was:
int main(void) { return 0; }

Performing C SOURCE FILE Test FLAG_SUPPORTED_Wmissingprototypes succeeded with the following output:
Change Dir: /media/projects/personal/cjadv/build/CMakeFiles/CMakeScratch/TryCompile-8KEMdA

Run Build Command(s):/usr/bin/gmake -f Makefile cmTC_e4218/fast && /usr/bin/gmake  -f CMakeFiles/cmTC_e4218.dir/build.make CMakeFiles/cmTC_e4218.dir/build
gmake[1]: Entering directory '/media/projects/personal/cjadv/build/CMakeFiles/CMakeScratch/TryCompile-8KEMdA'
Building C object CMakeFiles/cmTC_e4218.dir/src.c.o
/usr/bin/cc -DFLAG_SUPPORTED_Wmissingprototypes  -std=c89 -pedantic -Wall -Wextra -Werror -Wstrict-prototypes -Wwrite-strings -Wshadow -Winit-self -Wcast-align -Wformat=2    -Wmissing-prototypes -o CMakeFiles/cmTC_e4218.dir/src.c.o -c /media/projects/personal/cjadv/build/CMakeFiles/CMakeScratch/TryCompile-8KEMdA/src.c
Linking C executable cmTC_e4218
/usr/bin/cmake -E cmake_link_script CMakeFiles/cmTC_e4218.dir/link.txt --verbose=1
/usr/bin/cc  -std=c89 -pedantic -Wall -Wextra -Werror -Wstrict-prototypes -Wwrite-strings -Wshadow -Winit-self -Wcast-align -Wformat=2  -rdynamic CMakeFiles/cmTC_e4218.dir/src.c.o -o cmTC_e4218 
gmake[1]: Leaving directory '/media/projects/personal/cjadv/build/CMakeFiles/CMakeScratch/TryCompile-8KEMdA'


Source file was:
int main(void) { return 0; }

Performing C SOURCE FILE Test FLAG_SUPPORTED_Wstrictoverflow2 succeeded with the following output:
Change Dir: /media/projects/personal/cjadv/build/CMakeFiles/CMakeScratch/TryCompile-FVoZPh

Run Build Command(s):/usr/bin/gmake -f Makefile cmTC_eefd3/fast && /usr/bin/gmake  -f CMakeFiles/cmTC_eefd3.dir/build.make CMakeFiles/cmTC_eefd3.dir/build
gmake[1]: Entering directory '/media/projects/personal/cjadv/build/CMakeFiles/CMakeScratch/TryCompile-FVoZPh'
Building C object CMakeFiles/cmTC_eefd3.dir/src.c.o
/usr/bin/cc -DFLAG_SUPPORTED_Wstrictoverflow2  -std=c89 -pedantic -Wall -Wextra -Werror -Wstrict-prototypes -Wwrite-strings -Wshadow -Winit-self -Wcast-align -Wformat=2 -Wmissing-prototypes    -Wstrict-overflow=2 -o CMakeFiles/cmTC_eefd3.dir/src.c.o -c /media/projects/personal/cjadv/build/CMakeFiles/CMakeScratch/TryCompile-FVoZPh/src.c
Linking C executable cmTC_eefd3
/usr/bin/cmake -E cmake_link_script CMakeFiles/cmTC_eefd3.dir/link.txt --verbose=1
/usr/bin/cc  -std=c89 -pedantic -Wall -Wextra -Werror -Wstrict-prototypes -Wwrite-strings -Wshadow -Winit-self -Wcast-align -Wformat=2 -Wmissing-prototypes  -rdynamic CMakeFiles/cmTC_eefd3.dir/src.c.o -o cmTC_eefd3 
gmake[1]: Leaving directory '/media/projects/personal/cjadv/build/CMakeFiles/CMakeScratch/TryCompile-FVoZPh'


Source file was:
int main(void) { return 0; }

Performing C SOURCE FILE Test FLAG_SUPPORTED_Wcastqual succeeded with the following output:
Change Dir: /media/projects/personal/cjadv/build/CMakeFiles/CMakeScratch/TryCompile-V6IuG8

Run Build Command(s):/usr/bin/gmake -f Makefile cmTC_e1082/fast && /usr/bin/gmake  -f CMakeFiles/cmTC_e1082.dir/build.make CMakeFiles/cmTC_e1082.dir/build
gmake[1]: Entering directory '/media/projects/personal/cjadv/build/CMakeFiles/CMakeScratch/TryCompile-V6IuG8'
Building C object CMakeFiles/cmTC_e1082.dir/src.c.o
/usr/bin/cc -DFLAG_SUPPORTED_Wcastqual  -std=c89 -pedantic -Wall -Wextra -Werror -Wstrict-prototypes -Wwrite-strings -Wshadow -Winit-self -Wcast-align -Wformat=2 -Wmissing-prototypes -Wstrict-overflow=2    -Wcast-qual -o CMakeFiles/cmTC_e1082.dir/src.c.o -c /media/projects/personal/cjadv/build/CMakeFiles/CMakeScratch/TryCompile-V6IuG8/src.c
Linking C executable cmTC_e1082
/usr/bin/cmake -E cmake_link_script CMakeFiles/cmTC_e1082.dir/link.txt --verbose=1
/usr/bin/cc  -std=c89 -pedantic -Wall -Wextra -Werror -Wstrict-prototypes -Wwrite-strings -Wshadow -Winit-self -Wcast-align -Wformat=2 -Wmissing-prototypes -Wstrict-overflow=2  -rdynamic CMakeFiles/cmTC_e1082.dir/src.c.o -o cmTC_e1082 
gmake[1]: Leaving directory '/media/projects/personal/cjadv/build/CMakeFiles/CMakeScratch/TryCompile-V6IuG8'


Source file was:
int main(void) { return 0; }

Performing C SOURCE FILE Test FLAG_SUPPORTED_Wundef succeeded with the following output:
Change Dir: /media/projects/personal/cjadv/build/CMakeFiles/CMakeScratch/TryCompile-xwIJLG

Run Build Command(s):/usr/bin/gmake -f Makefile cmTC_61f38/fast && /usr/bin/gmake  -f CMakeFiles/cmTC_61f38.dir/build.make CMakeFiles/cmTC_61f38.dir/build
gmake[1]: Entering directory '/media/projects/personal/cjadv/build/CMakeFiles/CMakeScratch/TryCompile-xwIJLG'
Building C object CMakeFiles/cmTC_61f38.dir/src.c.o
/usr/bin/cc -DFLAG_SUPPORTED_Wundef  -std=c89 -pedantic -Wall -Wextra -Werror -Wstrict-prototypes -Wwrite-strings -Wshadow -Winit-self -Wcast-align -Wformat=2 -Wmissing-prototypes -Wstrict-overflow=2 -Wcast-qual    -Wundef -o CMakeFiles/cmTC_61f38.dir/src.c.o -c /media/projects/personal/cjadv/build/CMakeFiles/CMakeScratch/TryCompile-xwIJLG/src.c
Linking C executable cmTC_61f38
/usr/bin/cmake -E cmake_link_script CMakeFiles/cmTC_61f38.dir/link.txt --verbose=1
/usr/bin/cc  -std=c89 -pedantic -Wall -Wextra -Werror -Wstrict-prototypes -Wwrite-strings -Wshadow -Winit-self -Wcast-align -Wformat=2 -Wmissing-prototypes -Wstrict-overflow=2 -Wcast-qual  -rdynamic CMakeFiles/cmTC_61f38.dir/src.c.o -o cmTC_61f38 
gmake[1]: Leaving directory '/media/projects/personal/cjadv/build/CMakeFiles/CMakeScratch/TryCompile-xwIJLG'


Source file was:
int main(void) { return 0; }

Performing C SOURCE FILE Test FLAG_SUPPORTED_Wswitchdefault succeeded with the following output:
Change Dir: /media/projects/personal/cjadv/build/CMakeFiles/CMakeScratch/TryCompile-lBnXCS

Run Build Command(s):/usr/bin/gmake -f Makefile cmTC_cc1fd/fast && /usr/bin/gmake  -f CMakeFiles/cmTC_cc1fd.dir/build.make CMakeFiles/cmTC_cc1fd.dir/build
gmake[1]: Entering directory '/media/projects/personal/cjadv/build/CMakeFiles/CMakeScratch/TryCompile-lBnXCS'
Building C object CMakeFiles/cmTC_cc1fd.dir/src.c.o
/usr/bin/cc -DFLAG_SUPPORTED_Wswitchdefault  -std=c89 -pedantic -Wall -Wextra -Werror -Wstrict-prototypes -Wwrite-strings -Wshadow -Winit-self -Wcast-align -Wformat=2 -Wmissing-prototypes -Wstrict-overflow=2 -Wcast-qual -Wundef    -Wswitch-default -o CMakeFiles/cmTC_cc1fd.dir/src.c.o -c /media/projects/personal/cjadv/build/CMakeFiles/CMakeScratch/TryCompile-lBnXCS/src.c
Linking C executable cmTC_cc1fd
/usr/bin/cmake -E cmake_link_script CMakeFiles/cmTC_cc1fd.dir/link.txt --verbose=1
/usr/bin/cc  -std=c89 -pedantic -Wall -Wextra -Werror -Wstrict-prototypes -Wwrite-strings -Wshadow -Winit-self -Wcast-align -Wformat=2 -Wmissing-prototypes -Wstrict-overflow=2 -Wcast-qual -Wundef  -rdynamic CMakeFiles/cmTC_cc1fd.dir/src.c.o -o cmTC_cc1fd 
gmake[1]: Leaving directory '/media/projects/personal/cjadv/build/CMakeFiles/CMakeScratch/TryCompile-lBnXCS'


Source file was:
int main(void) { return 0; }

Performing C SOURCE FILE Test FLAG_SUPPORTED_Wconversion succeeded with the following output:
Change Dir: /media/projects/personal/cjadv/build/CMakeFiles/CMakeScratch/TryCompile-ZUJrhl

Run Build Command(s):/usr/bin/gmake -f Makefile cmTC_db07f/fast && /usr/bin/gmake  -f CMakeFiles/cmTC_db07f.dir/build.make CMakeFiles/cmTC_db07f.dir/build
gmake[1]: Entering directory '/media/projects/personal/cjadv/build/CMakeFiles/CMakeScratch/TryCompile-ZUJrhl'
Building C object CMakeFiles/cmTC_db07f.dir/src.c.o
/usr/bin/cc -DFLAG_SUPPORTED_Wconversion  -std=c89 -pedantic -Wall -Wextra -Werror -Wstrict-prototypes -Wwrite-strings -Wshadow -Winit-self -Wcast-align -Wformat=2 -Wmissing-prototypes -Wstrict-overflow=2 -Wcast-qual -Wundef -Wswitch-default    -Wconversion -o CMakeFiles/cmTC_db07f.dir/src.c.o -c /media/projects/personal/cjadv/build/CMakeFiles/CMakeScratch/TryCompile-ZUJrhl/src.c
Linking C executable cmTC_db07f
/usr/bin/cmake -E cmake_link_script CMakeFiles/cmTC_db07f.dir/link.txt --verbose=1
/usr/bin/cc  -std=c89 -pedantic -Wall -Wextra -Werror -Wstrict-prototypes -Wwrite-strings -Wshadow -Winit-self -Wcast-align -Wformat=2 -Wmissing-prototypes -Wstrict-overflow=2 -Wcast-qual -Wundef -Wswitch-default  -rdynamic CMakeFiles/cmTC_db07f.dir/src.c.o -o cmTC_db07f 
gmake[1]: Leaving directory '/media/projects/personal/cjadv/build/CMakeFiles/CMakeScratch/TryCompile-ZUJrhl'


Source file was:
int main(void) { return 0; }

Performing C SOURCE FILE Test FLAG_SUPPORTED_Wccompat succeeded with the following output:
Change Dir: /media/projects/personal/cjadv/build/CMakeFiles/CMakeScratch/TryCompile-ioWgtj

Run Build Command(s):/usr/bin/gmake -f Makefile cmTC_0a07d/fast && /usr/bin/gmake  -f CMakeFiles/cmTC_0a07d.dir/build.make CMakeFiles/cmTC_0a07d.dir/build
gmake[1]: Entering directory '/media/projects/personal/cjadv/build/CMakeFiles/CMakeScratch/TryCompile-ioWgtj'
Building C object CMakeFiles/cmTC_0a07d.dir/src.c.o
/usr/bin/cc -DFLAG_SUPPORTED_Wccompat  -std=c89 -pedantic -Wall -Wextra -Werror -Wstrict-prototypes -Wwrite-strings -Wshadow -Winit-self -Wcast-align -Wformat=2 -Wmissing-prototypes -Wstrict-overflow=2 -Wcast-qual -Wundef -Wswitch-default -Wconversion    -Wc++-compat -o CMakeFiles/cmTC_0a07d.dir/src.c.o -c /media/projects/personal/cjadv/build/CMakeFiles/CMakeScratch/TryCompile-ioWgtj/src.c
Linking C executable cmTC_0a07d
/usr/bin/cmake -E cmake_link_script CMakeFiles/cmTC_0a07d.dir/link.txt --verbose=1
/usr/bin/cc  -std=c89 -pedantic -Wall -Wextra -Werror -Wstrict-prototypes -Wwrite-strings -Wshadow -Winit-self -Wcast-align -Wformat=2 -Wmissing-prototypes -Wstrict-overflow=2 -Wcast-qual -Wundef -Wswitch-default -Wconversion  -rdynamic CMakeFiles/cmTC_0a07d.dir/src.c.o -o cmTC_0a07d 
gmake[1]: Leaving directory '/media/projects/personal/cjadv/build/CMakeFiles/CMakeScratch/TryCompile-ioWgtj'


Source file was:
int main(void) { return 0; }

Performing C SOURCE FILE Test FLAG_SUPPORTED_fstackprotectorstrong succeeded with the following output:
Change Dir: /media/projects/personal/cjadv/build/CMakeFiles/CMakeScratch/TryCompile-JbHmHM

Run Build Command(s):/usr/bin/gmake -f Makefile cmTC_68a3e/fast && /usr/bin/gmake  -f CMakeFiles/cmTC_68a3e.dir/build.make CMakeFiles/cmTC_68a3e.dir/build
gmake[1]: Entering directory '/media/projects/personal/cjadv/build/CMakeFiles/CMakeScratch/TryCompile-JbHmHM'
Building C object CMakeFiles/cmTC_68a3e.dir/src.c.o
/usr/bin/cc -DFLAG_SUPPORTED_fstackprotectorstrong  -std=c89 -pedantic -Wall -Wextra -Werror -Wstrict-prototypes -Wwrite-strings -Wshadow -Winit-self -Wcast-align -Wformat=2 -Wmissing-prototypes -Wstrict-overflow=2 -Wcast-qual -Wundef -Wswitch-default -Wconversion -Wc++-compat    -fstack-protector-strong -o CMakeFiles/cmTC_68a3e.dir/src.c.o -c /media/projects/personal/cjadv/build/CMakeFiles/CMakeScratch/TryCompile-JbHmHM/src.c
Linking C executable cmTC_68a3e
/usr/bin/cmake -E cmake_link_script CMakeFiles/cmTC_68a3e.dir/link.txt --verbose=1
/usr/bin/cc  -std=c89 -pedantic -Wall -Wextra -Werror -Wstrict-prototypes -Wwrite-strings -Wshadow -Winit-self -Wcast-align -Wformat=2 -Wmissing-prototypes -Wstrict-overflow=2 -Wcast-qual -Wundef -Wswitch-default -Wconversion -Wc++-compat  -rdynamic CMakeFiles/cmTC_68a3e.dir/src.c.o -o cmTC_68a3e 
gmake[1]: Leaving directory '/media/projects/personal/cjadv/build/CMakeFiles/CMakeScratch/TryCompile-JbHmHM'


Source file was:
int main(void) { return 0; }

Performing C SOURCE FILE Test FLAG_SUPPORTED_Wdoublepromotion succeeded with the following output:
Change Dir: /media/projects/personal/cjadv/build/CMakeFiles/CMakeScratch/TryCompile-jJALg1

Run Build Command(s):/usr/bin/gmake -f Makefile cmTC_e7556/fast && /usr/bin/gmake  -f CMakeFiles/cmTC_e7556.dir/build.make CMakeFiles/cmTC_e7556.dir/build
gmake[1]: Entering directory '/media/projects/personal/cjadv/build/CMakeFiles/CMakeScratch/TryCompile-jJALg1'
Building C object CMakeFiles/cmTC_e7556.dir/src.c.o
/usr/bin/cc -DFLAG_SUPPORTED_Wdoublepromotion  -std=c89 -pedantic -Wall -Wextra -Werror -Wstrict-prototypes -Wwrite-strings -Wshadow -Winit-self -Wcast-align -Wformat=2 -Wmissing-prototypes -Wstrict-overflow=2 -Wcast-qual -Wundef -Wswitch-default -Wconversion -Wc++-compat -fstack-protector-strong    -Wdouble-promotion -o CMakeFiles/cmTC_e7556.dir/src.c.o -c /media/projects/personal/cjadv/build/CMakeFiles/CMakeScratch/TryCompile-jJALg1/src.c
Linking C executable cmTC_e7556
/usr/bin/cmake -E cmake_link_script CMakeFiles/cmTC_e7556.dir/link.txt --verbose=1
/usr/bin/cc  -std=c89 -pedantic -Wall -Wextra -Werror -Wstrict-prototypes -Wwrite-strings -Wshadow -Winit-self -Wcast-align -Wformat=2 -Wmissing-prototypes -Wstrict-overflow=2 -Wcast-qual -Wundef -Wswitch-default -Wconversion -Wc++-compat -fstack-protector-strong  -rdynamic CMakeFiles/cmTC_e7556.dir/src.c.o -o cmTC_e7556 
gmake[1]: Leaving directory '/media/projects/personal/cjadv/build/CMakeFiles/CMakeScratch/TryCompile-jJALg1'


Source file was:
int main(void) { return 0; }

Performing C SOURCE FILE Test FLAG_SUPPORTED_Wparentheses succeeded with the following output:
Change Dir: /media/projects/personal/cjadv/build/CMakeFiles/CMakeScratch/TryCompile-8twhIl

Run Build Command(s):/usr/bin/gmake -f Makefile cmTC_29067/fast && /usr/bin/gmake  -f CMakeFiles/cmTC_29067.dir/build.make CMakeFiles/cmTC_29067.dir/build
gmake[1]: Entering directory '/media/projects/personal/cjadv/build/CMakeFiles/CMakeScratch/TryCompile-8twhIl'
Building C object CMakeFiles/cmTC_29067.dir/src.c.o
/usr/bin/cc -DFLAG_SUPPORTED_Wparentheses  -std=c89 -pedantic -Wall -Wextra -Werror -Wstrict-prototypes -Wwrite-strings -Wshadow -Winit-self -Wcast-align -Wformat=2 -Wmissing-prototypes -Wstrict-overflow=2 -Wcast-qual -Wundef -Wswitch-default -Wconversion -Wc++-compat -fstack-protector-strong -Wdouble-promotion    -Wparentheses -o CMakeFiles/cmTC_29067.dir/src.c.o -c /media/projects/personal/cjadv/build/CMakeFiles/CMakeScratch/TryCompile-8twhIl/src.c
Linking C executable cmTC_29067
/usr/bin/cmake -E cmake_link_script CMakeFiles/cmTC_29067.dir/link.txt --verbose=1
/usr/bin/cc  -std=c89 -pedantic -Wall -Wextra -Werror -Wstrict-prototypes -Wwrite-strings -Wshadow -Winit-self -Wcast-align -Wformat=2 -Wmissing-prototypes -Wstrict-overflow=2 -Wcast-qual -Wundef -Wswitch-default -Wconversion -Wc++-compat -fstack-protector-strong -Wdouble-promotion  -rdynamic CMakeFiles/cmTC_29067.dir/src.c.o -o cmTC_29067 
gmake[1]: Leaving directory '/media/projects/personal/cjadv/build/CMakeFiles/CMakeScratch/TryCompile-8twhIl'


Source file was:
int main(void) { return 0; }

Performing C SOURCE FILE Test FLAG_SUPPORTED_Wformatoverflow succeeded with the following output:
Change Dir: /media/projects/personal/cjadv/build/CMakeFiles/CMakeScratch/TryCompile-lj57Es

Run Build Command(s):/usr/bin/gmake -f Makefile cmTC_9dcf0/fast && /usr/bin/gmake  -f CMakeFiles/cmTC_9dcf0.dir/build.make CMakeFiles/cmTC_9dcf0.dir/build
gmake[1]: Entering directory '/media/projects/personal/cjadv/build/CMakeFiles/CMakeScratch/TryCompile-lj57Es'
Building C object CMakeFiles/cmTC_9dcf0.dir/src.c.o
/usr/bin/cc -DFLAG_SUPPORTED_Wformatoverflow  -std=c89 -pedantic -Wall -Wextra -Werror -Wstrict-prototypes -Wwrite-strings -Wshadow -Winit-self -Wcast-align -Wformat=2 -Wmissing-prototypes -Wstrict-overflow=2 -Wcast-qual -Wundef -Wswitch-default -Wconversion -Wc++-compat -fstack-protector-strong -Wdouble-promotion -Wparentheses    -Wformat-overflow -o CMakeFiles/cmTC_9dcf0.dir/src.c.o -c /media/projects/personal/cjadv/build/CMakeFiles/CMakeScratch/TryCompile-lj57Es/src.c
Linking C executable cmTC_9dcf0
/usr/bin/cmake -E cmake_link_script CMakeFiles/cmTC_9dcf0.dir/link.txt --verbose=1
/usr/bin/cc  -std=c89 -pedantic -Wall -Wextra -Werror -Wstrict-prototypes -Wwrite-strings -Wshadow -Winit-self -Wcast-align -Wformat=2 -Wmissing-prototypes -Wstrict-overflow=2 -Wcast-qual -Wundef -Wswitch-default -Wconversion -Wc++-compat -fstack-protector-strong -Wdouble-promotion -Wparentheses  -rdynamic CMakeFiles/cmTC_9dcf0.dir/src.c.o -o cmTC_9dcf0 
gmake[1]: Leaving directory '/media/projects/personal/cjadv/build/CMakeFiles/CMakeScratch/TryCompile-lj57Es'


Source file was:
int main(void) { return 0; }

Performing C SOURCE FILE Test FLAG_SUPPORTED_Wunusedmacros succeeded with the following output:
Change Dir: /media/projects/personal/cjadv/build/CMakeFiles/CMakeScratch/TryCompile-5llFDc

Run Build Command(s):/usr/bin/gmake -f Makefile cmTC_8843e/fast && /usr/bin/gmake  -f CMakeFiles/cmTC_8843e.dir/build.make CMakeFiles/cmTC_8843e.dir/build
gmake[1]: Entering directory '/media/projects/personal/cjadv/build/CMakeFiles/CMakeScratch/TryCompile-5llFDc'
Building C object CMakeFiles/cmTC_8843e.dir/src.c.o
/usr/bin/cc -DFLAG_SUPPORTED_Wunusedmacros  -std=c89 -pedantic -Wall -Wextra -Werror -Wstrict-prototypes -Wwrite-strings -Wshadow -Winit-self -Wcast-align -Wformat=2 -Wmissing-prototypes -Wstrict-overflow=2 -Wcast-qual -Wundef -Wswitch-default -Wconversion -Wc++-compat -fstack-protector-strong -Wdouble-promotion -Wparentheses -Wformat-overflow    -Wunused-macros -o CMakeFiles/cmTC_8843e.dir/src.c.o -c /media/projects/personal/cjadv/build/CMakeFiles/CMakeScratch/TryCompile-5llFDc/src.c
Linking C executable cmTC_8843e
/usr/bin/cmake -E cmake_link_script CMakeFiles/cmTC_8843e.dir/link.txt --verbose=1
/usr/bin/cc  -std=c89 -pedantic -Wall -Wextra -Werror -Wstrict-prototypes -Wwrite-strings -Wshadow -Winit-self -Wcast-align -Wformat=2 -Wmissing-prototypes -Wstrict-overflow=2 -Wcast-qual -Wundef -Wswitch-default -Wconversion -Wc++-compat -fstack-protector-strong -Wdouble-promotion -Wparentheses -Wformat-overflow  -rdynamic CMakeFiles/cmTC_8843e.dir/src.c.o -o cmTC_8843e 
gmake[1]: Leaving directory '/media/projects/personal/cjadv/build/CMakeFiles/CMakeScratch/TryCompile-5llFDc'


Source file was:
int main(void) { return 0; }

Performing C SOURCE FILE Test FLAG_SUPPORTED_Wswitchenum succeeded with the following output:
Change Dir: /media/projects/personal/cjadv/build/CMakeFiles/CMakeScratch/TryCompile-GK7BUn

Run Build Command(s):/usr/bin/gmake -f Makefile cmTC_93934/fast && /usr/bin/gmake  -f CMakeFiles/cmTC_93934.dir/build.make CMakeFiles/cmTC_93934.dir/build
gmake[1]: Entering directory '/media/projects/personal/cjadv/build/CMakeFiles/CMakeScratch/TryCompile-GK7BUn'
Building C object CMakeFiles/cmTC_93934.dir/src.c.o
/usr/bin/cc -DFLAG_SUPPORTED_Wswitchenum  -std=c89 -pedantic -Wall -Wextra -Werror -Wstrict-prototypes -Wwrite-strings -Wshadow -Winit-self -Wcast-align -Wformat=2 -Wmissing-prototypes -Wstrict-overflow=2 -Wcast-qual -Wundef -Wswitch-default -Wconversion -Wc++-compat -fstack-protector-strong -Wdouble-promotion -Wparentheses -Wformat-overflow -Wunused-macros    -Wswitch-enum -o CMakeFiles/cmTC_93934.dir/src.c.o -c /media/projects/personal/cjadv/build/CMakeFiles/CMakeScratch/TryCompile-GK7BUn/src.c
Linking C executable cmTC_93934
/usr/bin/cmake -E cmake_link_script CMakeFiles/cmTC_93934.dir/link.txt --verbose=1
/usr/bin/cc  -std=c89 -pedantic -Wall -Wextra -Werror -Wstrict-prototypes -Wwrite-strings -Wshadow -Winit-self -Wcast-align -Wformat=2 -Wmissing-prototypes -Wstrict-overflow=2 -Wcast-qual -Wundef -Wswitch-default -Wconversion -Wc++-compat -fstack-protector-strong -Wdouble-promotion -Wparentheses -Wformat-overflow -Wunused-macros  -rdynamic CMakeFiles/cmTC_93934.dir/src.c.o -o cmTC_93934 
gmake[1]: Leaving directory '/media/projects/personal/cjadv/build/CMakeFiles/CMakeScratch/TryCompile-GK7BUn'


Source file was:
int main(void) { return 0; }

Performing C SOURCE FILE Test FLAG_SUPPORTED_fvisibilityhidden succeeded with the following output:
Change Dir: /media/projects/personal/cjadv/build/CMakeFiles/CMakeScratch/TryCompile-SV3liw

Run Build Command(s):/usr/bin/gmake -f Makefile cmTC_31d14/fast && /usr/bin/gmake  -f CMakeFiles/cmTC_31d14.dir/build.make CMakeFiles/cmTC_31d14.dir/build
gmake[1]: Entering directory '/media/projects/personal/cjadv/build/CMakeFiles/CMakeScratch/TryCompile-SV3liw'
Building C object CMakeFiles/cmTC_31d14.dir/src.c.o
/usr/bin/cc -DFLAG_SUPPORTED_fvisibilityhidden  -std=c89 -pedantic -Wall -Wextra -Werror -Wstrict-prototypes -Wwrite-strings -Wshadow -Winit-self -Wcast-align -Wformat=2 -Wmissing-prototypes -Wstrict-overflow=2 -Wcast-qual -Wundef -Wswitch-default -Wconversion -Wc++-compat -fstack-protector-strong -Wdouble-promotion -Wparentheses -Wformat-overflow -Wunused-macros -Wswitch-enum    -fvisibility=hidden -o CMakeFiles/cmTC_31d14.dir/src.c.o -c /media/projects/personal/cjadv/build/CMakeFiles/CMakeScratch/TryCompile-SV3liw/src.c
Linking C executable cmTC_31d14
/usr/bin/cmake -E cmake_link_script CMakeFiles/cmTC_31d14.dir/link.txt --verbose=1
/usr/bin/cc  -std=c89 -pedantic -Wall -Wextra -Werror -Wstrict-prototypes -Wwrite-strings -Wshadow -Winit-self -Wcast-align -Wformat=2 -Wmissing-prototypes -Wstrict-overflow=2 -Wcast-qual -Wundef -Wswitch-default -Wconversion -Wc++-compat -fstack-protector-strong -Wdouble-promotion -Wparentheses -Wformat-overflow -Wunused-macros -Wswitch-enum  -rdynamic CMakeFiles/cmTC_31d14.dir/src.c.o -o cmTC_31d14 
gmake[1]: Leaving directory '/media/projects/personal/cjadv/build/CMakeFiles/CMakeScratch/TryCompile-SV3liw'


Source file was:
int main(void) { return 0; }

